2025-06-07 16:50:06,357 INFO Logger is enabled
2025-06-07 16:50:07,097 INFO Successfully connected to MongoDB
2025-06-07 16:50:07,098 INFO Requesting data from API
2025-06-07 16:50:07,110 DEBUG Starting new HTTPS connection (1): api.rec.us:443
2025-06-07 16:50:10,412 DEBUG https://api.rec.us:443 "GET /v1/locations/availability?publishedSites=true&organizationSlug=san-francisco-rec-park HTTP/1.1" 200 None
2025-06-07 16:50:10,484 INFO Fetched 28 park items
2025-06-07 16:50:12,353 INFO Successfully stored parks data in DB
2025-06-07 16:50:12,361 INFO in api_requests
2025-06-07 16:50:12,396 WARNING  * Debugger is active!
2025-06-07 16:50:12,404 INFO  * Debugger PIN: 452-302-233
2025-06-07 16:50:27,281 INFO Document: {'lat': '37.8014646', 'lng': '-122.420091', 'courts': [{}, {}, {}, {}]}
2025-06-07 16:50:27,281 INFO Document: {'lat': '37.7229268', 'lng': '-122.4447946', 'courts': [{}, {}, {}, {}]}
2025-06-07 16:50:27,281 INFO Document: {'lat': '37.7690635', 'lng': '-122.4383776', 'courts': [{}, {}, {}, {}, {}, {}]}
2025-06-07 16:50:27,281 INFO Document: {'lat': '37.7144459', 'lng': '-122.4305872', 'courts': [{}, {}, {}]}
2025-06-07 16:50:27,285 INFO Document: {'lat': '37.76100510000001', 'lng': '-122.4271707', 'courts': [{}, {}, {}, {}, {}, {}]}
2025-06-07 16:50:27,285 INFO Document: {'lat': '37.7826482', 'lng': '-122.4908712', 'courts': [{}, {}, {}, {}]}
2025-06-07 16:50:27,285 INFO Document: {'lat': '37.7735284', 'lng': '-122.4868916', 'courts': [{}]}
2025-06-07 16:50:27,286 INFO Document: {'lat': '37.73982111374698', 'lng': '-122.4418615808698', 'courts': [{}, {}]}
2025-06-07 16:50:27,286 INFO Document: {'lat': '37.784588', 'lng': '-122.4350898', 'courts': [{}, {}]}
2025-06-07 16:50:27,287 INFO Document: {'lat': '37.7957018', 'lng': '-122.4205566', 'courts': [{}]}
2025-06-07 16:50:27,287 INFO Document: {'lat': '37.7639005', 'lng': '-122.398919', 'courts': [{}, {}, {}]}
2025-06-07 16:50:27,287 INFO Document: {'lat': '37.80222799999999', 'lng': '-122.4122471', 'courts': [{}, {}, {}]}
2025-06-07 16:50:27,287 INFO Document: {'lat': '37.75192639999999', 'lng': '-122.4650584', 'courts': [{}, {}, {}]}
2025-06-07 16:50:27,287 INFO Document: {'lat': '37.7926498', 'lng': '-122.4261762', 'courts': [{}, {}]}
2025-06-07 16:50:27,287 INFO Document: {'lat': '37.7191051', 'lng': '-122.4122043', 'courts': [{}, {}, {}, {}, {}, {}]}
2025-06-07 16:50:27,287 INFO Document: {'lat': '37.7158129', 'lng': '-122.457577', 'courts': [{}, {}]}
2025-06-07 16:50:27,287 INFO Document: {'lat': '37.7391202', 'lng': '-122.4489439', 'courts': [{}]}
2025-06-07 16:50:27,287 INFO Document: {'lat': '37.8022867', 'lng': '-122.4333295', 'courts': [{}, {}, {}, {}, {}, {}, {}, {}]}
2025-06-07 16:50:27,287 INFO Document: {'lat': '37.7869511', 'lng': '-122.4718231', 'courts': [{}, {}, {}, {}]}
2025-06-07 16:50:27,287 INFO Document: {'lat': '37.7379478', 'lng': '-122.4839059', 'courts': [{}, {}, {}, {}, {}, {}, {}, {}, {}, {}, {}, {}]}
2025-06-07 16:50:27,287 INFO Document: {'lat': '37.7561451', 'lng': '-122.3974365', 'courts': [{}, {}]}
2025-06-07 16:50:27,287 INFO Document: {'lat': '37.7904685', 'lng': '-122.4542353', 'courts': [{}, {}, {}, {}, {}, {}, {}]}
2025-06-07 16:50:27,287 INFO Document: {'lat': '37.7860984', 'lng': '-122.4776691', 'courts': [{}, {}, {}]}
2025-06-07 16:50:27,287 INFO Document: {'lat': '37.77904629999999', 'lng': '-122.4574663', 'courts': [{}, {}, {}, {}, {}, {}, {}, {}]}
2025-06-07 16:50:27,287 INFO Document: {'lat': '37.734723', 'lng': '-122.4752275', 'courts': [{}, {}, {}, {}, {}, {}]}
2025-06-07 16:50:27,287 INFO Document: {'lat': '37.7342435', 'lng': '-122.4216848', 'courts': [{}, {}]}
2025-06-07 16:50:27,287 INFO Document: {'lat': '37.7575481', 'lng': '-122.4865051', 'courts': [{}, {}]}
2025-06-07 16:50:27,287 INFO Document: {'lat': '37.74243269999999', 'lng': '-122.4278655', 'courts': [{}, {}, {}]}
2025-06-07 16:50:27,289 INFO 127.0.0.1 - - [07/Jun/2025 16:50:27] "GET /parks/coordinates HTTP/1.1" 200 -
2025-06-07 16:50:27,345 INFO Document: {'lat': '37.8014646', 'lng': '-122.420091', 'courts': [{}, {}, {}, {}]}
2025-06-07 16:50:27,350 INFO Document: {'lat': '37.7229268', 'lng': '-122.4447946', 'courts': [{}, {}, {}, {}]}
2025-06-07 16:50:27,350 INFO Document: {'lat': '37.7690635', 'lng': '-122.4383776', 'courts': [{}, {}, {}, {}, {}, {}]}
2025-06-07 16:50:27,350 INFO Document: {'lat': '37.7144459', 'lng': '-122.4305872', 'courts': [{}, {}, {}]}
2025-06-07 16:50:27,350 INFO Document: {'lat': '37.76100510000001', 'lng': '-122.4271707', 'courts': [{}, {}, {}, {}, {}, {}]}
2025-06-07 16:50:27,350 INFO Document: {'lat': '37.7826482', 'lng': '-122.4908712', 'courts': [{}, {}, {}, {}]}
2025-06-07 16:50:27,350 INFO Document: {'lat': '37.7735284', 'lng': '-122.4868916', 'courts': [{}]}
2025-06-07 16:50:27,350 INFO Document: {'lat': '37.73982111374698', 'lng': '-122.4418615808698', 'courts': [{}, {}]}
2025-06-07 16:50:27,350 INFO Document: {'lat': '37.784588', 'lng': '-122.4350898', 'courts': [{}, {}]}
2025-06-07 16:50:27,350 INFO Document: {'lat': '37.7957018', 'lng': '-122.4205566', 'courts': [{}]}
2025-06-07 16:50:27,350 INFO Document: {'lat': '37.7639005', 'lng': '-122.398919', 'courts': [{}, {}, {}]}
2025-06-07 16:50:27,350 INFO Document: {'lat': '37.80222799999999', 'lng': '-122.4122471', 'courts': [{}, {}, {}]}
2025-06-07 16:50:27,350 INFO Document: {'lat': '37.75192639999999', 'lng': '-122.4650584', 'courts': [{}, {}, {}]}
2025-06-07 16:50:27,350 INFO Document: {'lat': '37.7926498', 'lng': '-122.4261762', 'courts': [{}, {}]}
2025-06-07 16:50:27,350 INFO Document: {'lat': '37.7191051', 'lng': '-122.4122043', 'courts': [{}, {}, {}, {}, {}, {}]}
2025-06-07 16:50:27,350 INFO Document: {'lat': '37.7158129', 'lng': '-122.457577', 'courts': [{}, {}]}
2025-06-07 16:50:27,350 INFO Document: {'lat': '37.7391202', 'lng': '-122.4489439', 'courts': [{}]}
2025-06-07 16:50:27,351 INFO Document: {'lat': '37.8022867', 'lng': '-122.4333295', 'courts': [{}, {}, {}, {}, {}, {}, {}, {}]}
2025-06-07 16:50:27,351 INFO Document: {'lat': '37.7869511', 'lng': '-122.4718231', 'courts': [{}, {}, {}, {}]}
2025-06-07 16:50:27,351 INFO Document: {'lat': '37.7379478', 'lng': '-122.4839059', 'courts': [{}, {}, {}, {}, {}, {}, {}, {}, {}, {}, {}, {}]}
2025-06-07 16:50:27,351 INFO Document: {'lat': '37.7561451', 'lng': '-122.3974365', 'courts': [{}, {}]}
2025-06-07 16:50:27,351 INFO Document: {'lat': '37.7904685', 'lng': '-122.4542353', 'courts': [{}, {}, {}, {}, {}, {}, {}]}
2025-06-07 16:50:27,351 INFO Document: {'lat': '37.7860984', 'lng': '-122.4776691', 'courts': [{}, {}, {}]}
2025-06-07 16:50:27,351 INFO Document: {'lat': '37.77904629999999', 'lng': '-122.4574663', 'courts': [{}, {}, {}, {}, {}, {}, {}, {}]}
2025-06-07 16:50:27,351 INFO Document: {'lat': '37.734723', 'lng': '-122.4752275', 'courts': [{}, {}, {}, {}, {}, {}]}
2025-06-07 16:50:27,351 INFO Document: {'lat': '37.7342435', 'lng': '-122.4216848', 'courts': [{}, {}]}
2025-06-07 16:50:27,351 INFO Document: {'lat': '37.7575481', 'lng': '-122.4865051', 'courts': [{}, {}]}
2025-06-07 16:50:27,351 INFO Document: {'lat': '37.74243269999999', 'lng': '-122.4278655', 'courts': [{}, {}, {}]}
2025-06-07 16:50:27,352 INFO 127.0.0.1 - - [07/Jun/2025 16:50:27] "GET /parks/coordinates HTTP/1.1" 200 -
