2025-07-04 08:18:35,738 INFO Logger is enabled
2025-07-04 08:18:36,287 INFO Successfully connected to MongoDB
2025-07-04 08:18:36,287 INFO Requesting data from API
2025-07-04 08:18:36,297 DEBUG Starting new HTTPS connection (1): api.rec.us:443
2025-07-04 08:18:42,239 DEBUG https://api.rec.us:443 "GET /v1/locations/availability?publishedSites=true&organizationSlug=san-francisco-rec-park HTTP/1.1" 200 None
2025-07-04 08:18:42,258 INFO Fetched 28 park items
2025-07-04 08:18:42,565 DEBUG Starting new HTTPS connection (1): maps.googleapis.com:443
2025-07-04 08:18:42,741 DEBUG https://maps.googleapis.com:443 "GET /maps/api/geocode/json?latlng=37.8014646,-122.420091&key=AIzaSyBMzgDapBifIff9Np80ZHzodgpxcEsOoTc HTTP/1.1" 200 20965
2025-07-04 08:18:43,040 DEBUG Starting new HTTPS connection (1): maps.googleapis.com:443
2025-07-04 08:18:43,188 DEBUG https://maps.googleapis.com:443 "GET /maps/api/geocode/json?latlng=37.7229268,-122.4447946&key=AIzaSyBMzgDapBifIff9Np80ZHzodgpxcEsOoTc HTTP/1.1" 200 24453
2025-07-04 08:18:43,518 DEBUG Starting new HTTPS connection (1): maps.googleapis.com:443
2025-07-04 08:18:43,684 DEBUG https://maps.googleapis.com:443 "GET /maps/api/geocode/json?latlng=37.7690635,-122.4383776&key=AIzaSyBMzgDapBifIff9Np80ZHzodgpxcEsOoTc HTTP/1.1" 200 34104
2025-07-04 08:18:43,925 DEBUG Starting new HTTPS connection (1): maps.googleapis.com:443
2025-07-04 08:18:44,072 DEBUG https://maps.googleapis.com:443 "GET /maps/api/geocode/json?latlng=37.7144459,-122.4305872&key=AIzaSyBMzgDapBifIff9Np80ZHzodgpxcEsOoTc HTTP/1.1" 200 25114
2025-07-04 08:18:44,230 DEBUG Starting new HTTPS connection (1): maps.googleapis.com:443
2025-07-04 08:18:44,392 DEBUG https://maps.googleapis.com:443 "GET /maps/api/geocode/json?latlng=37.76100510000001,-122.4271707&key=AIzaSyBMzgDapBifIff9Np80ZHzodgpxcEsOoTc HTTP/1.1" 200 31895
2025-07-04 08:18:44,667 DEBUG Starting new HTTPS connection (1): maps.googleapis.com:443
2025-07-04 08:18:44,799 DEBUG https://maps.googleapis.com:443 "GET /maps/api/geocode/json?latlng=37.7826482,-122.4908712&key=AIzaSyBMzgDapBifIff9Np80ZHzodgpxcEsOoTc HTTP/1.1" 200 30027
2025-07-04 08:18:44,907 DEBUG Starting new HTTPS connection (1): maps.googleapis.com:443
2025-07-04 08:18:45,037 DEBUG https://maps.googleapis.com:443 "GET /maps/api/geocode/json?latlng=37.7735284,-122.4868916&key=AIzaSyBMzgDapBifIff9Np80ZHzodgpxcEsOoTc HTTP/1.1" 200 31732
2025-07-04 08:18:45,163 DEBUG Starting new HTTPS connection (1): maps.googleapis.com:443
2025-07-04 08:18:45,308 DEBUG https://maps.googleapis.com:443 "GET /maps/api/geocode/json?latlng=37.73982111374698,-122.4418615808698&key=AIzaSyBMzgDapBifIff9Np80ZHzodgpxcEsOoTc HTTP/1.1" 200 21025
2025-07-04 08:18:45,475 DEBUG Starting new HTTPS connection (1): maps.googleapis.com:443
2025-07-04 08:18:45,645 DEBUG https://maps.googleapis.com:443 "GET /maps/api/geocode/json?latlng=37.784588,-122.4350898&key=AIzaSyBMzgDapBifIff9Np80ZHzodgpxcEsOoTc HTTP/1.1" 200 32525
2025-07-04 08:18:45,773 DEBUG Starting new HTTPS connection (1): maps.googleapis.com:443
2025-07-04 08:18:45,938 DEBUG https://maps.googleapis.com:443 "GET /maps/api/geocode/json?latlng=37.7957018,-122.4205566&key=AIzaSyBMzgDapBifIff9Np80ZHzodgpxcEsOoTc HTTP/1.1" 200 32779
2025-07-04 08:18:46,161 DEBUG Starting new HTTPS connection (1): maps.googleapis.com:443
2025-07-04 08:18:46,364 DEBUG https://maps.googleapis.com:443 "GET /maps/api/geocode/json?latlng=37.7639005,-122.398919&key=AIzaSyBMzgDapBifIff9Np80ZHzodgpxcEsOoTc HTTP/1.1" 200 31259
2025-07-04 08:18:46,511 DEBUG Starting new HTTPS connection (1): maps.googleapis.com:443
2025-07-04 08:18:46,652 DEBUG https://maps.googleapis.com:443 "GET /maps/api/geocode/json?latlng=37.80222799999999,-122.4122471&key=AIzaSyBMzgDapBifIff9Np80ZHzodgpxcEsOoTc HTTP/1.1" 200 33264
2025-07-04 08:18:46,862 DEBUG Starting new HTTPS connection (1): maps.googleapis.com:443
2025-07-04 08:18:46,994 DEBUG https://maps.googleapis.com:443 "GET /maps/api/geocode/json?latlng=37.75192639999999,-122.4650584&key=AIzaSyBMzgDapBifIff9Np80ZHzodgpxcEsOoTc HTTP/1.1" 200 30310
2025-07-04 08:18:47,061 DEBUG Starting new HTTPS connection (1): maps.googleapis.com:443
2025-07-04 08:18:47,203 DEBUG https://maps.googleapis.com:443 "GET /maps/api/geocode/json?latlng=37.7926498,-122.4261762&key=AIzaSyBMzgDapBifIff9Np80ZHzodgpxcEsOoTc HTTP/1.1" 200 30782
2025-07-04 08:18:47,500 DEBUG Starting new HTTPS connection (1): maps.googleapis.com:443
2025-07-04 08:18:47,659 DEBUG https://maps.googleapis.com:443 "GET /maps/api/geocode/json?latlng=37.7191051,-122.4122043&key=AIzaSyBMzgDapBifIff9Np80ZHzodgpxcEsOoTc HTTP/1.1" 200 23942
2025-07-04 08:18:47,833 DEBUG Starting new HTTPS connection (1): maps.googleapis.com:443
2025-07-04 08:18:47,979 DEBUG https://maps.googleapis.com:443 "GET /maps/api/geocode/json?latlng=37.7158129,-122.457577&key=AIzaSyBMzgDapBifIff9Np80ZHzodgpxcEsOoTc HTTP/1.1" 200 32647
2025-07-04 08:18:48,091 DEBUG Starting new HTTPS connection (1): maps.googleapis.com:443
2025-07-04 08:18:48,216 DEBUG https://maps.googleapis.com:443 "GET /maps/api/geocode/json?latlng=37.7391202,-122.4489439&key=AIzaSyBMzgDapBifIff9Np80ZHzodgpxcEsOoTc HTTP/1.1" 200 27963
2025-07-04 08:18:48,707 DEBUG Starting new HTTPS connection (1): maps.googleapis.com:443
2025-07-04 08:18:48,850 DEBUG https://maps.googleapis.com:443 "GET /maps/api/geocode/json?latlng=37.8022867,-122.4333295&key=AIzaSyBMzgDapBifIff9Np80ZHzodgpxcEsOoTc HTTP/1.1" 200 31317
2025-07-04 08:18:49,127 DEBUG Starting new HTTPS connection (1): maps.googleapis.com:443
2025-07-04 08:18:49,271 DEBUG https://maps.googleapis.com:443 "GET /maps/api/geocode/json?latlng=37.7869511,-122.4718231&key=AIzaSyBMzgDapBifIff9Np80ZHzodgpxcEsOoTc HTTP/1.1" 200 25274
2025-07-04 08:18:49,980 DEBUG Starting new HTTPS connection (1): maps.googleapis.com:443
2025-07-04 08:18:50,115 DEBUG https://maps.googleapis.com:443 "GET /maps/api/geocode/json?latlng=37.7379478,-122.4839059&key=AIzaSyBMzgDapBifIff9Np80ZHzodgpxcEsOoTc HTTP/1.1" 200 31483
2025-07-04 08:18:50,273 DEBUG Starting new HTTPS connection (1): maps.googleapis.com:443
2025-07-04 08:18:50,406 DEBUG https://maps.googleapis.com:443 "GET /maps/api/geocode/json?latlng=37.7561451,-122.3974365&key=AIzaSyBMzgDapBifIff9Np80ZHzodgpxcEsOoTc HTTP/1.1" 200 28322
2025-07-04 08:18:50,752 DEBUG Starting new HTTPS connection (1): maps.googleapis.com:443
2025-07-04 08:18:50,923 DEBUG https://maps.googleapis.com:443 "GET /maps/api/geocode/json?latlng=37.7904685,-122.4542353&key=AIzaSyBMzgDapBifIff9Np80ZHzodgpxcEsOoTc HTTP/1.1" 200 30897
2025-07-04 08:18:51,019 DEBUG Starting new HTTPS connection (1): maps.googleapis.com:443
2025-07-04 08:18:51,161 DEBUG https://maps.googleapis.com:443 "GET /maps/api/geocode/json?latlng=37.7860984,-122.4776691&key=AIzaSyBMzgDapBifIff9Np80ZHzodgpxcEsOoTc HTTP/1.1" 200 27747
2025-07-04 08:18:51,525 DEBUG Starting new HTTPS connection (1): maps.googleapis.com:443
2025-07-04 08:18:51,666 DEBUG https://maps.googleapis.com:443 "GET /maps/api/geocode/json?latlng=37.77904629999999,-122.4574663&key=AIzaSyBMzgDapBifIff9Np80ZHzodgpxcEsOoTc HTTP/1.1" 200 28015
2025-07-04 08:18:52,033 DEBUG Starting new HTTPS connection (1): maps.googleapis.com:443
2025-07-04 08:18:52,167 DEBUG https://maps.googleapis.com:443 "GET /maps/api/geocode/json?latlng=37.734723,-122.4752275&key=AIzaSyBMzgDapBifIff9Np80ZHzodgpxcEsOoTc HTTP/1.1" 200 26874
2025-07-04 08:18:52,352 DEBUG Starting new HTTPS connection (1): maps.googleapis.com:443
2025-07-04 08:18:52,487 DEBUG https://maps.googleapis.com:443 "GET /maps/api/geocode/json?latlng=37.7342435,-122.4216848&key=AIzaSyBMzgDapBifIff9Np80ZHzodgpxcEsOoTc HTTP/1.1" 200 30505
2025-07-04 08:18:52,646 DEBUG Starting new HTTPS connection (1): maps.googleapis.com:443
2025-07-04 08:18:52,787 DEBUG https://maps.googleapis.com:443 "GET /maps/api/geocode/json?latlng=37.7575481,-122.4865051&key=AIzaSyBMzgDapBifIff9Np80ZHzodgpxcEsOoTc HTTP/1.1" 200 31486
2025-07-04 08:18:52,847 DEBUG Starting new HTTPS connection (1): maps.googleapis.com:443
2025-07-04 08:18:52,979 DEBUG https://maps.googleapis.com:443 "GET /maps/api/geocode/json?latlng=37.74243269999999,-122.4278655&key=AIzaSyBMzgDapBifIff9Np80ZHzodgpxcEsOoTc HTTP/1.1" 200 31189
2025-07-04 08:18:53,037 INFO Successfully stored parks data in DB
