2025-06-28 18:06:40,130 INFO Logger is enabled
2025-06-28 18:06:41,358 INFO Successfully connected to MongoDB
2025-06-28 18:06:41,358 INFO Fetching reservation data from API...
2025-06-28 18:06:41,364 DEBUG Starting new HTTPS connection (1): api.rec.us:443
2025-06-28 18:06:47,221 DEBUG https://api.rec.us:443 "GET /v1/locations/availability?publishedSites=true&organizationSlug=san-francisco-rec-park HTTP/1.1" 200 None
2025-06-28 18:06:47,311 INFO Fetched 28 parks from API
2025-06-28 18:06:47,631 INFO Updated court 438ee54a-072c-43b4-a990-f78f9eba47b2 at location 81cd2b08-8ea6-40ee-8c89-aeba92506576 with 13 valid times
2025-06-28 18:06:47,836 INFO Updated court c95ae7df-6b71-4ac6-93fc-d72e6e73be37 at location 81cd2b08-8ea6-40ee-8c89-aeba92506576 with 10 valid times
2025-06-28 18:06:48,049 INFO Updated court f16d5170-6698-4275-90c1-f0e5e499eb52 at location 81cd2b08-8ea6-40ee-8c89-aeba92506576 with 13 valid times
2025-06-28 18:06:48,260 INFO Updated court c520577d-2c22-4e4e-8a92-c7709b0df07b at location 81cd2b08-8ea6-40ee-8c89-aeba92506576 with 19 valid times
2025-06-28 18:06:48,455 INFO Updated court 8074d1eb-db88-418c-86a7-293eefa162c7 at location c41c7b8f-cb09-415a-b8ea-ad4b82d792b9 with 10 valid times
2025-06-28 18:06:48,668 INFO Updated court fa04a28d-ef95-4784-b49f-55799d8c00c5 at location c41c7b8f-cb09-415a-b8ea-ad4b82d792b9 with 22 valid times
2025-06-28 18:06:48,882 INFO Updated court 855000eb-3398-4e4c-974c-2b800a0c6e72 at location c41c7b8f-cb09-415a-b8ea-ad4b82d792b9 with 26 valid times
2025-06-28 18:06:49,107 INFO Updated court ebcdba8e-8d3a-4788-b34e-0973a7c5b3cf at location c41c7b8f-cb09-415a-b8ea-ad4b82d792b9 with 12 valid times
2025-06-28 18:06:49,320 INFO Updated court 27b40a83-1446-4fc5-9656-6ebb94181ba3 at location 3f842b1e-13f9-447d-ab12-62b62d954d3e with 2 valid times
2025-06-28 18:06:49,559 INFO Updated court ae9fd028-53d5-471c-a56e-03eacf7ec69c at location 3f842b1e-13f9-447d-ab12-62b62d954d3e with 9 valid times
2025-06-28 18:06:49,788 INFO Updated court fd21db36-241d-452d-ae06-21eee1f509b5 at location 3f842b1e-13f9-447d-ab12-62b62d954d3e with 4 valid times
2025-06-28 18:06:49,987 INFO Updated court d1e2e418-c02c-43b1-b897-7905ecfb797a at location 3f842b1e-13f9-447d-ab12-62b62d954d3e with 10 valid times
2025-06-28 18:06:50,212 INFO Updated court 8146ab30-09dc-44dd-b754-56113b8bdcec at location 3f842b1e-13f9-447d-ab12-62b62d954d3e with 2 valid times
2025-06-28 18:06:50,526 INFO Updated court 4a12e91c-ead9-4774-9b79-8706ab0a003b at location 779905bd-4c2b-45b3-abd0-48140998bca1 with 32 valid times
2025-06-28 18:06:50,745 INFO Updated court ffff6829-ba7c-4189-a059-4eecdbfe6139 at location 779905bd-4c2b-45b3-abd0-48140998bca1 with 42 valid times
2025-06-28 18:06:51,223 INFO Updated court 8c808c70-4d67-4fd9-a6da-d7563852239a at location 779905bd-4c2b-45b3-abd0-48140998bca1 with 17 valid times
2025-06-28 18:06:51,553 INFO Updated court e92bf8a3-4160-4da0-b600-8bb02964b2f3 at location 95745483-6b38-4e99-8ba2-a3e23cda8587 with 1 valid times
2025-06-28 18:06:52,575 INFO Updated court 8558e246-8493-4e0d-9c3d-5b7f67dab894 at location 95745483-6b38-4e99-8ba2-a3e23cda8587 with 6 valid times
2025-06-28 18:06:52,839 INFO Updated court 8ad0975e-9498-4bca-8832-26368ca54de7 at location 95745483-6b38-4e99-8ba2-a3e23cda8587 with 2 valid times
2025-06-28 18:06:53,138 INFO Updated court e93911b3-36c9-42b6-8156-aa227afc38bb at location d3fc78ce-0617-40dc-b7f7-d41ba95f09ef with 8 valid times
2025-06-28 18:06:53,468 INFO Updated court 04e02f6c-885c-4409-9860-446f7a971a2d at location d3fc78ce-0617-40dc-b7f7-d41ba95f09ef with 9 valid times
2025-06-28 18:06:53,933 INFO Updated court 4a199b62-2a06-42a1-b2a3-3c9a1b3d1ee8 at location d3fc78ce-0617-40dc-b7f7-d41ba95f09ef with 10 valid times
2025-06-28 18:06:54,161 INFO Updated court a415ca80-32c2-4645-ac12-73c419f2e6b5 at location d3fc78ce-0617-40dc-b7f7-d41ba95f09ef with 9 valid times
2025-06-28 18:06:54,348 INFO Updated court 4400b356-fa9b-4a83-baff-e20e0e13e540 at location 070037ab-f407-486a-9f88-989905be1039 with 1 valid times
2025-06-28 18:06:54,548 INFO Updated court 8bd9f57d-b9b2-4ff9-b157-150ce2916347 at location 16fdf80f-4e50-452a-843f-63d159c798e2 with 5 valid times
2025-06-28 18:06:54,904 INFO Updated court 11dfccd3-8ab1-45b0-927f-57f9e7f8a19b at location 8c3b9b04-a149-4080-b648-e3ff8365bbee with 6 valid times
2025-06-28 18:06:55,126 INFO Updated court 08d5819d-fc31-4808-8ca5-cdcc9d6850d7 at location 8c3b9b04-a149-4080-b648-e3ff8365bbee with 3 valid times
2025-06-28 18:06:55,349 INFO Updated court afa1a6a4-057d-44e5-9daf-15937547b726 at location 3552b6f7-e7bd-4334-9e4a-731b015447e0 with 5 valid times
2025-06-28 18:06:55,586 INFO Updated court 2776eeab-f211-4c29-b52d-5728e10c4e57 at location 360736ab-a655-478d-aab5-4e54fea0c140 with 3 valid times
2025-06-28 18:06:55,816 INFO Updated court 0bf0df2a-df9f-4639-98b4-e0ea248c95d9 at location 360736ab-a655-478d-aab5-4e54fea0c140 with 3 valid times
2025-06-28 18:06:56,049 INFO Updated court 23a8800a-89e0-4bf4-8133-2534ff041534 at location 360736ab-a655-478d-aab5-4e54fea0c140 with 3 valid times
2025-06-28 18:06:56,344 INFO Updated court c3138897-d5a1-4403-9079-415df0554987 at location 8f8e510f-e0d8-4364-8531-a9a0d0d6b2b8 with 6 valid times
2025-06-28 18:06:56,649 INFO Updated court 0ba55139-52b0-49ba-b1c3-00490f296e95 at location 7a8ef25a-dc20-4046-8aab-7212a9a41d20 with 6 valid times
2025-06-28 18:06:57,059 INFO Updated court acc13b21-f596-473c-91fb-ebd59e855b4b at location 7a8ef25a-dc20-4046-8aab-7212a9a41d20 with 7 valid times
2025-06-28 18:06:57,273 INFO Updated court 040a5a1a-443a-4641-b079-ed7e650bd5ac at location 7a8ef25a-dc20-4046-8aab-7212a9a41d20 with 4 valid times
2025-06-28 18:06:57,467 INFO Updated court 4f126a55-b2f1-48e9-82b6-c2b1b3f1433c at location c4fc2b3e-d1bc-47d9-b920-76d00d32b20b with 1 valid times
2025-06-28 18:06:57,651 INFO Updated court 6d90e038-5df5-490a-bc5e-313b6d21c24a at location c4fc2b3e-d1bc-47d9-b920-76d00d32b20b with 1 valid times
2025-06-28 18:06:57,868 INFO Updated court 796fcef6-4537-45ee-9e8a-0ed31567360c at location 9d05fa5b-38fc-49b7-88c5-74825703d936 with 25 valid times
2025-06-28 18:06:58,123 INFO Updated court 4e3f15ea-ad12-4dfc-8976-e2bf5677b0f9 at location 9d05fa5b-38fc-49b7-88c5-74825703d936 with 23 valid times
2025-06-28 18:06:58,407 INFO Updated court 1ad2554d-9114-4570-bca1-3bb23769790d at location 9d05fa5b-38fc-49b7-88c5-74825703d936 with 26 valid times
2025-06-28 18:06:58,938 INFO Updated court 05a6519b-7f71-4707-a281-9f0dadfbf932 at location 9d05fa5b-38fc-49b7-88c5-74825703d936 with 26 valid times
2025-06-28 18:06:59,329 INFO Updated court 49257054-9f87-44ca-8b4f-d38314e6f3d0 at location bb6254d3-0ef0-475d-8de9-ac7d6b0323f4 with 10 valid times
2025-06-28 18:06:59,541 INFO Updated court 0b3104dc-1caa-49da-aa20-78b34c82ce01 at location bb6254d3-0ef0-475d-8de9-ac7d6b0323f4 with 26 valid times
2025-06-28 18:06:59,827 INFO Updated court a38e655a-1881-49bc-a0a4-bdcbf2a176e8 at location 5a52a5e8-2e9f-4976-8a5c-0bc53d51afe9 with 4 valid times
2025-06-28 18:07:00,043 INFO Updated court a3a8b441-97a6-4645-aace-0bbafafaba89 at location fb0d16b1-5f9f-465f-8ebf-fccf5d400c47 with 2 valid times
2025-06-28 18:07:00,378 INFO Updated court 919a2b8a-e5d6-44dc-8245-3d6976926977 at location fb0d16b1-5f9f-465f-8ebf-fccf5d400c47 with 2 valid times
2025-06-28 18:07:00,652 INFO Updated court c7f88df4-70dc-4334-8632-5899c6f68504 at location fb0d16b1-5f9f-465f-8ebf-fccf5d400c47 with 3 valid times
2025-06-28 18:07:00,819 INFO Updated court 18a630d6-f710-40d0-9731-9c4c20acc1f3 at location fb0d16b1-5f9f-465f-8ebf-fccf5d400c47 with 0 valid times
2025-06-28 18:07:00,911 INFO Updated court 6c7e0fb6-8534-4c6a-ad10-aa09854d533d at location fb0d16b1-5f9f-465f-8ebf-fccf5d400c47 with 0 valid times
2025-06-28 18:07:01,395 INFO Updated court 0c10030e-918a-490e-ac7b-6f150a497ded at location fb0d16b1-5f9f-465f-8ebf-fccf5d400c47 with 4 valid times
2025-06-28 18:07:01,912 INFO Updated court 15dbca49-6ae6-47be-972f-fa2aec769ef9 at location fb0d16b1-5f9f-465f-8ebf-fccf5d400c47 with 3 valid times
2025-06-28 18:07:02,131 INFO Updated court c5c3ac14-109a-40ec-990c-12938416334f at location fb0d16b1-5f9f-465f-8ebf-fccf5d400c47 with 6 valid times
2025-06-28 18:07:02,372 INFO Updated court d30b8beb-22c1-423c-8011-d491f339f36d at location af2cd971-0c10-479d-a12e-ca63d55f71be with 5 valid times
2025-06-28 18:07:02,737 INFO Updated court 562abc68-26e4-4421-846b-76404a81bd98 at location af2cd971-0c10-479d-a12e-ca63d55f71be with 4 valid times
2025-06-28 18:07:03,017 INFO Updated court cfa0bfc3-cc85-4ce5-87f3-47cc069b717c at location af2cd971-0c10-479d-a12e-ca63d55f71be with 9 valid times
2025-06-28 18:07:03,253 INFO Updated court bdadfcdf-1008-4703-8dba-62b38c784068 at location af2cd971-0c10-479d-a12e-ca63d55f71be with 3 valid times
2025-06-28 18:07:04,158 INFO Updated court 1a89928c-5bb9-4131-bb0a-9b2da743b89a at location 5a0b8fa6-11db-433e-9314-bafb956d8622 with 19 valid times
2025-06-28 18:07:05,133 INFO Updated court a1a44336-8822-4c3b-8663-aa7c64206856 at location 5a0b8fa6-11db-433e-9314-bafb956d8622 with 22 valid times
2025-06-28 18:07:06,035 INFO Updated court bc08ca03-87e1-4abe-8784-497151486c47 at location 5a0b8fa6-11db-433e-9314-bafb956d8622 with 2 valid times
2025-06-28 18:07:06,787 INFO Updated court 100516d6-15d2-4456-bd4d-d9ff7e287dbe at location 5a0b8fa6-11db-433e-9314-bafb956d8622 with 5 valid times
2025-06-28 18:07:07,253 INFO Updated court 0583a1dc-c946-4cb4-9e0c-0a4def91e0f6 at location 5a0b8fa6-11db-433e-9314-bafb956d8622 with 19 valid times
2025-06-28 18:07:07,638 INFO Updated court 6dd8adb4-7f90-4a80-9f6a-e952ef2c5b9b at location 5a0b8fa6-11db-433e-9314-bafb956d8622 with 25 valid times
2025-06-28 18:07:08,023 INFO Updated court 2334eec2-b054-4b18-ac14-8642bd763584 at location 5a0b8fa6-11db-433e-9314-bafb956d8622 with 22 valid times
2025-06-28 18:07:08,422 INFO Updated court e13844d8-794b-43d0-bfc4-25973be5b335 at location 5a0b8fa6-11db-433e-9314-bafb956d8622 with 22 valid times
2025-06-28 18:07:08,805 INFO Updated court 120dc26a-613d-4bfb-bffa-d57668fd9651 at location 5a0b8fa6-11db-433e-9314-bafb956d8622 with 4 valid times
2025-06-28 18:07:09,356 INFO Updated court 6b5c750f-d64a-4992-9e43-e88360210344 at location 5a0b8fa6-11db-433e-9314-bafb956d8622 with 3 valid times
2025-06-28 18:07:09,941 INFO Updated court 1a41be7d-edfa-40ec-afae-c2c3fe773209 at location 5a0b8fa6-11db-433e-9314-bafb956d8622 with 5 valid times
2025-06-28 18:07:10,340 INFO Updated court a92e780c-5751-4b05-8641-c5caf67d7045 at location 5a0b8fa6-11db-433e-9314-bafb956d8622 with 5 valid times
2025-06-28 18:07:10,554 INFO Updated court 0b43b8c9-2f9a-4e61-9160-f24711f66b1c at location 032e605f-6065-4794-9675-b1bbebe18159 with 6 valid times
2025-06-28 18:07:10,753 INFO Updated court ad0af5ad-ba5f-4dd8-9e36-b145e66d692d at location 032e605f-6065-4794-9675-b1bbebe18159 with 9 valid times
2025-06-28 18:07:10,985 INFO Updated court e045177c-c5ec-4b72-a79f-d7187583b5da at location c2f20478-83d8-48c9-af3d-065d7ba22d60 with 17 valid times
2025-06-28 18:07:11,235 INFO Updated court 8bb555a9-0561-4c0a-b466-c81280238a18 at location c2f20478-83d8-48c9-af3d-065d7ba22d60 with 17 valid times
2025-06-28 18:07:11,588 INFO Updated court 6faceb45-17c4-4c51-88f8-625a7f06b288 at location c2f20478-83d8-48c9-af3d-065d7ba22d60 with 23 valid times
2025-06-28 18:07:13,552 INFO Updated court 96b9aa1b-7b63-403d-8c38-baad5d475afa at location c2f20478-83d8-48c9-af3d-065d7ba22d60 with 8 valid times
2025-06-28 18:07:13,964 INFO Updated court c74fc5a4-0243-491f-8d25-ae7b3ddcb44e at location c2f20478-83d8-48c9-af3d-065d7ba22d60 with 7 valid times
2025-06-28 18:07:14,066 INFO Updated court d0644414-569e-468f-ab2c-995262a0f311 at location 95f7e887-5096-463b-834a-09d67889557e with 0 valid times
2025-06-28 18:07:14,254 INFO Updated court 21cfc9b5-6615-4e73-9bf7-e3d995ec49db at location 95f7e887-5096-463b-834a-09d67889557e with 1 valid times
2025-06-28 18:07:14,572 INFO Updated court 37043c64-0ba7-4f71-9b21-d5f5c00a91ba at location ad9e28e1-2d02-4fb5-b31d-b75f63841814 with 4 valid times
2025-06-28 18:07:15,111 INFO Updated court b372f13b-59b2-409f-831b-4ebff27d077e at location ad9e28e1-2d02-4fb5-b31d-b75f63841814 with 4 valid times
2025-06-28 18:07:15,381 INFO Updated court 281e4a0e-9b94-4ac0-9f4c-963128c96b90 at location ad9e28e1-2d02-4fb5-b31d-b75f63841814 with 1 valid times
2025-06-28 18:07:15,672 INFO Updated court e4ddfd7b-56bd-415c-af72-f31c6707e6d8 at location ad9e28e1-2d02-4fb5-b31d-b75f63841814 with 2 valid times
2025-06-28 18:07:15,925 INFO Updated court 90eb146c-7217-46ea-9a64-c4570bd4f028 at location ad9e28e1-2d02-4fb5-b31d-b75f63841814 with 5 valid times
2025-06-28 18:07:16,122 INFO Updated court 4fa3eb1e-7a01-4f56-9859-5ced5ed6103b at location ad9e28e1-2d02-4fb5-b31d-b75f63841814 with 4 valid times
2025-06-28 18:07:16,242 INFO Updated court 38f6b67d-79d8-4e02-9b70-69163506610c at location 1a5a0d4b-ef5d-44ab-a8ab-a13f39dcdc7d with 0 valid times
2025-06-28 18:07:16,340 INFO Updated court 6df3ea91-5559-4553-98e3-0678d215b7b5 at location 1a5a0d4b-ef5d-44ab-a8ab-a13f39dcdc7d with 0 valid times
2025-06-28 18:07:16,913 INFO Updated court b35d9c7e-ebbe-4fc6-9ad0-e01e5ae945ef at location 1a5a0d4b-ef5d-44ab-a8ab-a13f39dcdc7d with 1 valid times
2025-06-28 18:07:17,669 INFO Updated court c3c11d93-79d7-4109-99df-cf61f47ffc26 at location 1a5a0d4b-ef5d-44ab-a8ab-a13f39dcdc7d with 2 valid times
2025-06-28 18:07:17,753 INFO Updated court c2e6c846-58ee-4ccf-985b-fbdda179b1d8 at location 1a5a0d4b-ef5d-44ab-a8ab-a13f39dcdc7d with 0 valid times
2025-06-28 18:07:17,877 INFO Updated court e7eb9048-cd81-4461-b495-a128a70d240a at location 1a5a0d4b-ef5d-44ab-a8ab-a13f39dcdc7d with 0 valid times
2025-06-28 18:07:18,173 INFO Updated court b4900656-eaba-45ef-ac44-58e60de27a44 at location 25eafd72-ca31-4df7-8850-79c05edf3796 with 43 valid times
2025-06-28 18:07:18,416 INFO Updated court 10628afc-752f-4c62-a5d8-235b12f44f0c at location 25eafd72-ca31-4df7-8850-79c05edf3796 with 39 valid times
2025-06-28 18:07:18,634 INFO Updated court 2b8aa54a-eae3-463e-ad9b-0f7fd2458a91 at location fe61cfdb-abf7-4f52-8ce4-45feb58f10b7 with 3 valid times
2025-06-28 18:07:18,868 INFO Updated court 7de8ef38-5bf7-4a67-a713-0fbb2cbd7f4e at location fe61cfdb-abf7-4f52-8ce4-45feb58f10b7 with 3 valid times
2025-06-28 18:07:19,101 INFO Updated court 8bee1349-78ca-41d4-b831-d5f4a9ea7555 at location 2a18ef67-333c-4d9c-a86c-e0709f07f5c3 with 1 valid times
2025-06-28 18:07:19,322 INFO ✅ Done. Updated availableTimes for 94 courts.
