2025-06-22 20:07:21,049 INFO Logger is enabled
2025-06-22 20:07:21,586 INFO Successfully connected to MongoDB
2025-06-22 20:07:21,587 INFO Requesting data from API
2025-06-22 20:07:21,596 DEBUG Starting new HTTPS connection (1): api.rec.us:443
2025-06-22 20:07:25,957 DEBUG https://api.rec.us:443 "GET /v1/locations/availability?publishedSites=true&organizationSlug=san-francisco-rec-park HTTP/1.1" 200 None
2025-06-22 20:07:25,975 INFO Fetched 28 park items
2025-06-22 20:07:26,284 DEBUG Starting new HTTPS connection (1): maps.googleapis.com:443
2025-06-22 20:07:26,386 DEBUG https://maps.googleapis.com:443 "GET /maps/api/geocode/json?latlng=37.8014646,-122.420091&key=AIzaSyBMzgDapBifIff9Np80ZHzodgpxcEsOoTc HTTP/1.1" 200 20965
2025-06-22 20:07:26,676 DEBUG Starting new HTTPS connection (1): maps.googleapis.com:443
2025-06-22 20:07:26,781 DEBUG https://maps.googleapis.com:443 "GET /maps/api/geocode/json?latlng=37.7229268,-122.4447946&key=AIzaSyBMzgDapBifIff9Np80ZHzodgpxcEsOoTc HTTP/1.1" 200 24453
2025-06-22 20:07:27,086 DEBUG Starting new HTTPS connection (1): maps.googleapis.com:443
2025-06-22 20:07:27,234 DEBUG https://maps.googleapis.com:443 "GET /maps/api/geocode/json?latlng=37.7690635,-122.4383776&key=AIzaSyBMzgDapBifIff9Np80ZHzodgpxcEsOoTc HTTP/1.1" 200 34104
2025-06-22 20:07:27,458 DEBUG Starting new HTTPS connection (1): maps.googleapis.com:443
2025-06-22 20:07:27,539 DEBUG https://maps.googleapis.com:443 "GET /maps/api/geocode/json?latlng=37.7144459,-122.4305872&key=AIzaSyBMzgDapBifIff9Np80ZHzodgpxcEsOoTc HTTP/1.1" 200 25114
2025-06-22 20:07:27,763 DEBUG Starting new HTTPS connection (1): maps.googleapis.com:443
2025-06-22 20:07:27,912 DEBUG https://maps.googleapis.com:443 "GET /maps/api/geocode/json?latlng=37.76100510000001,-122.4271707&key=AIzaSyBMzgDapBifIff9Np80ZHzodgpxcEsOoTc HTTP/1.1" 200 31895
2025-06-22 20:07:28,173 DEBUG Starting new HTTPS connection (1): maps.googleapis.com:443
2025-06-22 20:07:28,262 DEBUG https://maps.googleapis.com:443 "GET /maps/api/geocode/json?latlng=37.7826482,-122.4908712&key=AIzaSyBMzgDapBifIff9Np80ZHzodgpxcEsOoTc HTTP/1.1" 200 30027
2025-06-22 20:07:28,378 DEBUG Starting new HTTPS connection (1): maps.googleapis.com:443
2025-06-22 20:07:28,509 DEBUG https://maps.googleapis.com:443 "GET /maps/api/geocode/json?latlng=37.7735284,-122.4868916&key=AIzaSyBMzgDapBifIff9Np80ZHzodgpxcEsOoTc HTTP/1.1" 200 31732
2025-06-22 20:07:28,626 DEBUG Starting new HTTPS connection (1): maps.googleapis.com:443
2025-06-22 20:07:28,757 DEBUG https://maps.googleapis.com:443 "GET /maps/api/geocode/json?latlng=37.73982111374698,-122.4418615808698&key=AIzaSyBMzgDapBifIff9Np80ZHzodgpxcEsOoTc HTTP/1.1" 200 21025
2025-06-22 20:07:28,917 DEBUG Starting new HTTPS connection (1): maps.googleapis.com:443
2025-06-22 20:07:29,069 DEBUG https://maps.googleapis.com:443 "GET /maps/api/geocode/json?latlng=37.784588,-122.4350898&key=AIzaSyBMzgDapBifIff9Np80ZHzodgpxcEsOoTc HTTP/1.1" 200 32525
2025-06-22 20:07:29,194 DEBUG Starting new HTTPS connection (1): maps.googleapis.com:443
2025-06-22 20:07:29,273 DEBUG https://maps.googleapis.com:443 "GET /maps/api/geocode/json?latlng=37.7957018,-122.4205566&key=AIzaSyBMzgDapBifIff9Np80ZHzodgpxcEsOoTc HTTP/1.1" 200 32779
2025-06-22 20:07:29,482 DEBUG Starting new HTTPS connection (1): maps.googleapis.com:443
2025-06-22 20:07:29,611 DEBUG https://maps.googleapis.com:443 "GET /maps/api/geocode/json?latlng=37.7639005,-122.398919&key=AIzaSyBMzgDapBifIff9Np80ZHzodgpxcEsOoTc HTTP/1.1" 200 31259
2025-06-22 20:07:29,724 DEBUG Starting new HTTPS connection (1): maps.googleapis.com:443
2025-06-22 20:07:29,861 DEBUG https://maps.googleapis.com:443 "GET /maps/api/geocode/json?latlng=37.80222799999999,-122.4122471&key=AIzaSyBMzgDapBifIff9Np80ZHzodgpxcEsOoTc HTTP/1.1" 200 33264
2025-06-22 20:07:30,066 DEBUG Starting new HTTPS connection (1): maps.googleapis.com:443
2025-06-22 20:07:30,153 DEBUG https://maps.googleapis.com:443 "GET /maps/api/geocode/json?latlng=37.75192639999999,-122.4650584&key=AIzaSyBMzgDapBifIff9Np80ZHzodgpxcEsOoTc HTTP/1.1" 200 30310
2025-06-22 20:07:30,311 DEBUG Starting new HTTPS connection (1): maps.googleapis.com:443
2025-06-22 20:07:30,399 DEBUG https://maps.googleapis.com:443 "GET /maps/api/geocode/json?latlng=37.7926498,-122.4261762&key=AIzaSyBMzgDapBifIff9Np80ZHzodgpxcEsOoTc HTTP/1.1" 200 30782
2025-06-22 20:07:30,788 DEBUG Starting new HTTPS connection (1): maps.googleapis.com:443
2025-06-22 20:07:30,886 DEBUG https://maps.googleapis.com:443 "GET /maps/api/geocode/json?latlng=37.7191051,-122.4122043&key=AIzaSyBMzgDapBifIff9Np80ZHzodgpxcEsOoTc HTTP/1.1" 200 23942
2025-06-22 20:07:31,045 DEBUG Starting new HTTPS connection (1): maps.googleapis.com:443
2025-06-22 20:07:31,126 DEBUG https://maps.googleapis.com:443 "GET /maps/api/geocode/json?latlng=37.7158129,-122.457577&key=AIzaSyBMzgDapBifIff9Np80ZHzodgpxcEsOoTc HTTP/1.1" 200 32647
2025-06-22 20:07:31,236 DEBUG Starting new HTTPS connection (1): maps.googleapis.com:443
2025-06-22 20:07:31,306 DEBUG https://maps.googleapis.com:443 "GET /maps/api/geocode/json?latlng=37.7391202,-122.4489439&key=AIzaSyBMzgDapBifIff9Np80ZHzodgpxcEsOoTc HTTP/1.1" 200 27963
2025-06-22 20:07:31,664 DEBUG Starting new HTTPS connection (1): maps.googleapis.com:443
2025-06-22 20:07:31,738 DEBUG https://maps.googleapis.com:443 "GET /maps/api/geocode/json?latlng=37.8022867,-122.4333295&key=AIzaSyBMzgDapBifIff9Np80ZHzodgpxcEsOoTc HTTP/1.1" 200 31317
2025-06-22 20:07:32,001 DEBUG Starting new HTTPS connection (1): maps.googleapis.com:443
2025-06-22 20:07:32,073 DEBUG https://maps.googleapis.com:443 "GET /maps/api/geocode/json?latlng=37.7869511,-122.4718231&key=AIzaSyBMzgDapBifIff9Np80ZHzodgpxcEsOoTc HTTP/1.1" 200 25274
2025-06-22 20:07:32,778 DEBUG Starting new HTTPS connection (1): maps.googleapis.com:443
2025-06-22 20:07:32,916 DEBUG https://maps.googleapis.com:443 "GET /maps/api/geocode/json?latlng=37.7379478,-122.4839059&key=AIzaSyBMzgDapBifIff9Np80ZHzodgpxcEsOoTc HTTP/1.1" 200 31483
2025-06-22 20:07:33,029 DEBUG Starting new HTTPS connection (1): maps.googleapis.com:443
2025-06-22 20:07:33,147 DEBUG https://maps.googleapis.com:443 "GET /maps/api/geocode/json?latlng=37.7561451,-122.3974365&key=AIzaSyBMzgDapBifIff9Np80ZHzodgpxcEsOoTc HTTP/1.1" 200 28322
2025-06-22 20:07:33,478 DEBUG Starting new HTTPS connection (1): maps.googleapis.com:443
2025-06-22 20:07:33,569 DEBUG https://maps.googleapis.com:443 "GET /maps/api/geocode/json?latlng=37.7904685,-122.4542353&key=AIzaSyBMzgDapBifIff9Np80ZHzodgpxcEsOoTc HTTP/1.1" 200 30897
2025-06-22 20:07:33,629 DEBUG Starting new HTTPS connection (1): maps.googleapis.com:443
2025-06-22 20:07:33,751 DEBUG https://maps.googleapis.com:443 "GET /maps/api/geocode/json?latlng=37.7860984,-122.4776691&key=AIzaSyBMzgDapBifIff9Np80ZHzodgpxcEsOoTc HTTP/1.1" 200 27747
2025-06-22 20:07:33,961 DEBUG Starting new HTTPS connection (1): maps.googleapis.com:443
2025-06-22 20:07:34,037 DEBUG https://maps.googleapis.com:443 "GET /maps/api/geocode/json?latlng=37.77904629999999,-122.4574663&key=AIzaSyBMzgDapBifIff9Np80ZHzodgpxcEsOoTc HTTP/1.1" 200 28015
2025-06-22 20:07:34,246 DEBUG Starting new HTTPS connection (1): maps.googleapis.com:443
2025-06-22 20:07:34,372 DEBUG https://maps.googleapis.com:443 "GET /maps/api/geocode/json?latlng=37.734723,-122.4752275&key=AIzaSyBMzgDapBifIff9Np80ZHzodgpxcEsOoTc HTTP/1.1" 200 26874
2025-06-22 20:07:34,559 DEBUG Starting new HTTPS connection (1): maps.googleapis.com:443
2025-06-22 20:07:34,638 DEBUG https://maps.googleapis.com:443 "GET /maps/api/geocode/json?latlng=37.7342435,-122.4216848&key=AIzaSyBMzgDapBifIff9Np80ZHzodgpxcEsOoTc HTTP/1.1" 200 30505
2025-06-22 20:07:34,788 DEBUG Starting new HTTPS connection (1): maps.googleapis.com:443
2025-06-22 20:07:34,880 DEBUG https://maps.googleapis.com:443 "GET /maps/api/geocode/json?latlng=37.7575481,-122.4865051&key=AIzaSyBMzgDapBifIff9Np80ZHzodgpxcEsOoTc HTTP/1.1" 200 31486
2025-06-22 20:07:35,081 DEBUG Starting new HTTPS connection (1): maps.googleapis.com:443
2025-06-22 20:07:35,207 DEBUG https://maps.googleapis.com:443 "GET /maps/api/geocode/json?latlng=37.74243269999999,-122.4278655&key=AIzaSyBMzgDapBifIff9Np80ZHzodgpxcEsOoTc HTTP/1.1" 200 31189
2025-06-22 20:07:35,281 INFO Successfully stored parks data in DB
